
> ammar-portflio@0.1.0 build
> next build

⚠ Warning: Next.js inferred your workspace root, but it may not be correct.
 We detected multiple lockfiles and selected the directory of /home/ammar/package-lock.json as the root directory.
 To silence this warning, set `turbopack.root` in your Next.js config, or consider removing one of the lockfiles if it's not needed.
   See https://nextjs.org/docs/app/api-reference/config/next-config-js/turbopack#root-directory for more information.
 Detected additional lockfiles: 
   * /home/ammar/WorkSpace/ammar-portflio/package-lock.json

▲ Next.js 16.2.9 (Turbopack)
- Environments: .env.local

  Creating an optimized production build ...
✓ Compiled successfully in 5.0s
  Running TypeScript ...
Failed to type check.

./app/dashboard/DashboardClient.tsx:152:45
Type error: Argument of type '{ title: string; description: string; longDescription: string; technologies: string[]; screenshots: string[]; githubUrl: string | undefined; liveUrl: string | undefined; status: string; is_team: boolean; role: string | undefined; architectureNotes: string | undefined; challenges: string | undefined; featured: boolea...' is not assignable to parameter of type 'Omit<Project, "id"> & { status?: string | undefined; is_team?: boolean | undefined; role?: string | undefined; }'.
  Property 'slug' is missing in type '{ title: string; description: string; longDescription: string; technologies: string[]; screenshots: string[]; githubUrl: string | undefined; liveUrl: string | undefined; status: string; is_team: boolean; role: string | undefined; architectureNotes: string | undefined; challenges: string | undefined; featured: boolea...' but required in type 'Omit<Project, "id">'.

  [90m150 |[0m       } [36melse[0m {
  [90m151 |[0m         [90m// Add Mode[0m
[31m[1m>[0m [90m152 |[0m         [36mconst[0m created = [36mawait[0m createProject(payload);
  [90m    |[0m                                             [31m[1m^[0m
  [90m153 |[0m         setProjects([created, ...projects]);
  [90m154 |[0m       }
  [90m155 |[0m       setIsOpen([36mfalse[0m);
Next.js build worker exited with code: 1 and signal: null
